Flow report for FFT
Wed Apr 30 18:36:18 2025
Quartus Prime Version 24.1std.0 Build 1077 03/04/2025 SC Lite Edition


---------------------
; Table of Contents ;
---------------------
  1. Legal Notice
  2. Flow Summary
  3. Flow Settings
  4. Flow Non-Default Global Settings
  5. Flow Elapsed Time
  6. Flow OS Summary
  7. Flow Log
  8. Flow Messages
  9. Flow Suppressed Messages



----------------
; Legal Notice ;
----------------
Copyright (C) 2025  Altera Corporation. All rights reserved.
Your use of Altera Corporation's design tools, logic functions 
and other software and tools, and any partner logic 
functions, and any output files from any of the foregoing 
(including device programming or simulation files), and any 
associated documentation or information are expressly subject 
to the terms and conditions of the Altera Program License 
Subscription Agreement, the Altera Quartus Prime License Agreement,
the Altera IP License Agreement, or other applicable license
agreement, including, without limitation, that your use is for
the sole purpose of programming logic devices manufactured by
Altera and sold by Altera or its authorized distributors.  Please
refer to the Altera Software License Subscription Agreements 
on the Quartus Prime software download page.



+--------------------------------------------------------------------------------------+
; Flow Summary                                                                         ;
+------------------------------------+-------------------------------------------------+
; Flow Status                        ; Successful - Wed Apr 30 18:36:18 2025           ;
; Quartus Prime Version              ; 24.1std.0 Build 1077 03/04/2025 SC Lite Edition ;
; Revision Name                      ; FFT                                             ;
; Top-level Entity Name              ; FFT                                             ;
; Family                             ; Cyclone IV E                                    ;
; Device                             ; EP4CE10F17C8                                    ;
; Timing Models                      ; Final                                           ;
; Total logic elements               ; 37 / 10,320 ( < 1 % )                           ;
;     Total combinational functions  ; 37 / 10,320 ( < 1 % )                           ;
;     Dedicated logic registers      ; 18 / 10,320 ( < 1 % )                           ;
; Total registers                    ; 18                                              ;
; Total pins                         ; 12 / 180 ( 7 % )                                ;
; Total virtual pins                 ; 0                                               ;
; Total memory bits                  ; 2,048 / 423,936 ( < 1 % )                       ;
; Embedded Multiplier 9-bit elements ; 0 / 46 ( 0 % )                                  ;
; Total PLLs                         ; 1 / 2 ( 50 % )                                  ;
+------------------------------------+-------------------------------------------------+


+-----------------------------------------+
; Flow Settings                           ;
+-------------------+---------------------+
; Option            ; Setting             ;
+-------------------+---------------------+
; Start date & time ; 04/30/2025 18:36:01 ;
; Main task         ; Compilation         ;
; Revision Name     ; FFT                 ;
+-------------------+---------------------+


+------------------------------------------------------------------------------------------------------------------------------------------------------------------------------------------------------+
; Flow Non-Default Global Settings                                                                                                                                                                     ;
+-------------------------------------+---------------------------------------------------------------------------------------------+---------------+--------------+-----------------------------------+
; Assignment Name                     ; Value                                                                                       ; Default Value ; Entity Name  ; Section Id                        ;
+-------------------------------------+---------------------------------------------------------------------------------------------+---------------+--------------+-----------------------------------+
; COMPILER_SIGNATURE_ID               ; 60060617298807.174600936115447                                                              ; --            ; --           ; --                                ;
; EDA_GENERATE_FUNCTIONAL_NETLIST     ; Off                                                                                         ; --            ; --           ; eda_board_design_timing           ;
; EDA_GENERATE_FUNCTIONAL_NETLIST     ; Off                                                                                         ; --            ; --           ; eda_board_design_boundary_scan    ;
; EDA_GENERATE_FUNCTIONAL_NETLIST     ; Off                                                                                         ; --            ; --           ; eda_board_design_signal_integrity ;
; EDA_GENERATE_FUNCTIONAL_NETLIST     ; Off                                                                                         ; --            ; --           ; eda_board_design_symbol           ;
; EDA_OUTPUT_DATA_FORMAT              ; Verilog Hdl                                                                                 ; --            ; --           ; eda_simulation                    ;
; EDA_SIMULATION_TOOL                 ; Questa Intel FPGA (Verilog)                                                                 ; <None>        ; --           ; --                                ;
; EDA_TIME_SCALE                      ; 1 ps                                                                                        ; --            ; --           ; eda_simulation                    ;
; MAX_CORE_JUNCTION_TEMP              ; 85                                                                                          ; --            ; --           ; --                                ;
; MESSAGE_DISABLE                     ; 270007                                                                                      ; --            ; fft_fft_ii_0 ; --                                ;
; MIN_CORE_JUNCTION_TEMP              ; 0                                                                                           ; --            ; --           ; --                                ;
; MISC_FILE                           ; ipcore/fft/fft/simulation/../../fft.qsys                                                    ; --            ; --           ; --                                ;
; MISC_FILE                           ; ipcore/fft/fft/simulation/fft.v                                                             ; --            ; --           ; --                                ;
; MISC_FILE                           ; ipcore/fft/fft/simulation/submodules/fft_fft_ii_0_opt_twi1.hex                              ; --            ; --           ; --                                ;
; MISC_FILE                           ; ipcore/fft/fft/simulation/submodules/fft_fft_ii_0_opt_twr4.hex                              ; --            ; --           ; --                                ;
; MISC_FILE                           ; ipcore/fft/fft/simulation/submodules/fft_fft_ii_0_opt_twr1.hex                              ; --            ; --           ; --                                ;
; MISC_FILE                           ; ipcore/fft/fft/simulation/submodules/fft_fft_ii_0_opt_twi2.hex                              ; --            ; --           ; --                                ;
; MISC_FILE                           ; ipcore/fft/fft/simulation/submodules/fft_fft_ii_0_opt_twi3.hex                              ; --            ; --           ; --                                ;
; MISC_FILE                           ; ipcore/fft/fft/simulation/submodules/fft_fft_ii_0_opt_twr2.hex                              ; --            ; --           ; --                                ;
; MISC_FILE                           ; ipcore/fft/fft/simulation/submodules/fft_fft_ii_0_opt_twi4.hex                              ; --            ; --           ; --                                ;
; MISC_FILE                           ; ipcore/fft/fft/simulation/submodules/fft_fft_ii_0_opt_twr3.hex                              ; --            ; --           ; --                                ;
; MISC_FILE                           ; ipcore/fft/fft/simulation/submodules/auk_dspip_text_pkg.vhd                                 ; --            ; --           ; --                                ;
; MISC_FILE                           ; ipcore/fft/fft/simulation/submodules/auk_dspip_math_pkg.vhd                                 ; --            ; --           ; --                                ;
; MISC_FILE                           ; ipcore/fft/fft/simulation/submodules/auk_dspip_lib_pkg.vhd                                  ; --            ; --           ; --                                ;
; MISC_FILE                           ; ipcore/fft/fft/simulation/submodules/mentor/auk_dspip_avalon_streaming_block_sink.vhd       ; --            ; --           ; --                                ;
; MISC_FILE                           ; ipcore/fft/fft/simulation/submodules/aldec/auk_dspip_avalon_streaming_block_sink.vhd        ; --            ; --           ; --                                ;
; MISC_FILE                           ; ipcore/fft/fft/simulation/submodules/synopsys/auk_dspip_avalon_streaming_block_sink.vhd     ; --            ; --           ; --                                ;
; MISC_FILE                           ; ipcore/fft/fft/simulation/submodules/cadence/auk_dspip_avalon_streaming_block_sink.vhd      ; --            ; --           ; --                                ;
; MISC_FILE                           ; ipcore/fft/fft/simulation/submodules/mentor/auk_dspip_avalon_streaming_block_source.vhd     ; --            ; --           ; --                                ;
; MISC_FILE                           ; ipcore/fft/fft/simulation/submodules/aldec/auk_dspip_avalon_streaming_block_source.vhd      ; --            ; --           ; --                                ;
; MISC_FILE                           ; ipcore/fft/fft/simulation/submodules/synopsys/auk_dspip_avalon_streaming_block_source.vhd   ; --            ; --           ; --                                ;
; MISC_FILE                           ; ipcore/fft/fft/simulation/submodules/cadence/auk_dspip_avalon_streaming_block_source.vhd    ; --            ; --           ; --                                ;
; MISC_FILE                           ; ipcore/fft/fft/simulation/submodules/auk_dspip_roundsat.vhd                                 ; --            ; --           ; --                                ;
; MISC_FILE                           ; ipcore/fft/fft/simulation/submodules/mentor/apn_fft_mult_can.vhd                            ; --            ; --           ; --                                ;
; MISC_FILE                           ; ipcore/fft/fft/simulation/submodules/aldec/apn_fft_mult_can.vhd                             ; --            ; --           ; --                                ;
; MISC_FILE                           ; ipcore/fft/fft/simulation/submodules/synopsys/apn_fft_mult_can.vhd                          ; --            ; --           ; --                                ;
; MISC_FILE                           ; ipcore/fft/fft/simulation/submodules/cadence/apn_fft_mult_can.vhd                           ; --            ; --           ; --                                ;
; MISC_FILE                           ; ipcore/fft/fft/simulation/submodules/mentor/apn_fft_mult_cpx_1825.v                         ; --            ; --           ; --                                ;
; MISC_FILE                           ; ipcore/fft/fft/simulation/submodules/aldec/apn_fft_mult_cpx_1825.v                          ; --            ; --           ; --                                ;
; MISC_FILE                           ; ipcore/fft/fft/simulation/submodules/synopsys/apn_fft_mult_cpx_1825.v                       ; --            ; --           ; --                                ;
; MISC_FILE                           ; ipcore/fft/fft/simulation/submodules/cadence/apn_fft_mult_cpx_1825.v                        ; --            ; --           ; --                                ;
; MISC_FILE                           ; ipcore/fft/fft/simulation/submodules/mentor/apn_fft_mult_cpx.vhd                            ; --            ; --           ; --                                ;
; MISC_FILE                           ; ipcore/fft/fft/simulation/submodules/aldec/apn_fft_mult_cpx.vhd                             ; --            ; --           ; --                                ;
; MISC_FILE                           ; ipcore/fft/fft/simulation/submodules/synopsys/apn_fft_mult_cpx.vhd                          ; --            ; --           ; --                                ;
; MISC_FILE                           ; ipcore/fft/fft/simulation/submodules/cadence/apn_fft_mult_cpx.vhd                           ; --            ; --           ; --                                ;
; MISC_FILE                           ; ipcore/fft/fft/simulation/submodules/auk_dspip_r22sdf_top.ocp                               ; --            ; --           ; --                                ;
; MISC_FILE                           ; ipcore/fft/fft/simulation/submodules/mentor/hyper_opt_OFF_pkg.vhd                           ; --            ; --           ; --                                ;
; MISC_FILE                           ; ipcore/fft/fft/simulation/submodules/aldec/hyper_opt_OFF_pkg.vhd                            ; --            ; --           ; --                                ;
; MISC_FILE                           ; ipcore/fft/fft/simulation/submodules/synopsys/hyper_opt_OFF_pkg.vhd                         ; --            ; --           ; --                                ;
; MISC_FILE                           ; ipcore/fft/fft/simulation/submodules/cadence/hyper_opt_OFF_pkg.vhd                          ; --            ; --           ; --                                ;
; MISC_FILE                           ; ipcore/fft/fft/simulation/submodules/mentor/altera_fft_dual_port_ram.vhd                    ; --            ; --           ; --                                ;
; MISC_FILE                           ; ipcore/fft/fft/simulation/submodules/aldec/altera_fft_dual_port_ram.vhd                     ; --            ; --           ; --                                ;
; MISC_FILE                           ; ipcore/fft/fft/simulation/submodules/synopsys/altera_fft_dual_port_ram.vhd                  ; --            ; --           ; --                                ;
; MISC_FILE                           ; ipcore/fft/fft/simulation/submodules/cadence/altera_fft_dual_port_ram.vhd                   ; --            ; --           ; --                                ;
; MISC_FILE                           ; ipcore/fft/fft/simulation/submodules/mentor/altera_fft_dual_port_rom.vhd                    ; --            ; --           ; --                                ;
; MISC_FILE                           ; ipcore/fft/fft/simulation/submodules/aldec/altera_fft_dual_port_rom.vhd                     ; --            ; --           ; --                                ;
; MISC_FILE                           ; ipcore/fft/fft/simulation/submodules/synopsys/altera_fft_dual_port_rom.vhd                  ; --            ; --           ; --                                ;
; MISC_FILE                           ; ipcore/fft/fft/simulation/submodules/cadence/altera_fft_dual_port_rom.vhd                   ; --            ; --           ; --                                ;
; MISC_FILE                           ; ipcore/fft/fft/simulation/submodules/mentor/altera_fft_mult_add.vhd                         ; --            ; --           ; --                                ;
; MISC_FILE                           ; ipcore/fft/fft/simulation/submodules/aldec/altera_fft_mult_add.vhd                          ; --            ; --           ; --                                ;
; MISC_FILE                           ; ipcore/fft/fft/simulation/submodules/synopsys/altera_fft_mult_add.vhd                       ; --            ; --           ; --                                ;
; MISC_FILE                           ; ipcore/fft/fft/simulation/submodules/cadence/altera_fft_mult_add.vhd                        ; --            ; --           ; --                                ;
; MISC_FILE                           ; ipcore/fft/fft/simulation/submodules/mentor/altera_fft_single_port_rom.vhd                  ; --            ; --           ; --                                ;
; MISC_FILE                           ; ipcore/fft/fft/simulation/submodules/aldec/altera_fft_single_port_rom.vhd                   ; --            ; --           ; --                                ;
; MISC_FILE                           ; ipcore/fft/fft/simulation/submodules/synopsys/altera_fft_single_port_rom.vhd                ; --            ; --           ; --                                ;
; MISC_FILE                           ; ipcore/fft/fft/simulation/submodules/cadence/altera_fft_single_port_rom.vhd                 ; --            ; --           ; --                                ;
; MISC_FILE                           ; ipcore/fft/fft/simulation/submodules/mentor/auk_fft_pkg.vhd                                 ; --            ; --           ; --                                ;
; MISC_FILE                           ; ipcore/fft/fft/simulation/submodules/aldec/auk_fft_pkg.vhd                                  ; --            ; --           ; --                                ;
; MISC_FILE                           ; ipcore/fft/fft/simulation/submodules/synopsys/auk_fft_pkg.vhd                               ; --            ; --           ; --                                ;
; MISC_FILE                           ; ipcore/fft/fft/simulation/submodules/cadence/auk_fft_pkg.vhd                                ; --            ; --           ; --                                ;
; MISC_FILE                           ; ipcore/fft/fft/simulation/submodules/mentor/hyper_pipeline_interface.v                      ; --            ; --           ; --                                ;
; MISC_FILE                           ; ipcore/fft/fft/simulation/submodules/aldec/hyper_pipeline_interface.v                       ; --            ; --           ; --                                ;
; MISC_FILE                           ; ipcore/fft/fft/simulation/submodules/synopsys/hyper_pipeline_interface.v                    ; --            ; --           ; --                                ;
; MISC_FILE                           ; ipcore/fft/fft/simulation/submodules/cadence/hyper_pipeline_interface.v                     ; --            ; --           ; --                                ;
; MISC_FILE                           ; ipcore/fft/fft/simulation/submodules/mentor/counter_module.sv                               ; --            ; --           ; --                                ;
; MISC_FILE                           ; ipcore/fft/fft/simulation/submodules/aldec/counter_module.sv                                ; --            ; --           ; --                                ;
; MISC_FILE                           ; ipcore/fft/fft/simulation/submodules/synopsys/counter_module.sv                             ; --            ; --           ; --                                ;
; MISC_FILE                           ; ipcore/fft/fft/simulation/submodules/cadence/counter_module.sv                              ; --            ; --           ; --                                ;
; MISC_FILE                           ; ipcore/fft/fft/simulation/submodules/mentor/auk_dspip_r22sdf_lib_pkg.vhd                    ; --            ; --           ; --                                ;
; MISC_FILE                           ; ipcore/fft/fft/simulation/submodules/aldec/auk_dspip_r22sdf_lib_pkg.vhd                     ; --            ; --           ; --                                ;
; MISC_FILE                           ; ipcore/fft/fft/simulation/submodules/synopsys/auk_dspip_r22sdf_lib_pkg.vhd                  ; --            ; --           ; --                                ;
; MISC_FILE                           ; ipcore/fft/fft/simulation/submodules/cadence/auk_dspip_r22sdf_lib_pkg.vhd                   ; --            ; --           ; --                                ;
; MISC_FILE                           ; ipcore/fft/fft/simulation/submodules/mentor/auk_dspip_bit_reverse_addr_control.vhd          ; --            ; --           ; --                                ;
; MISC_FILE                           ; ipcore/fft/fft/simulation/submodules/aldec/auk_dspip_bit_reverse_addr_control.vhd           ; --            ; --           ; --                                ;
; MISC_FILE                           ; ipcore/fft/fft/simulation/submodules/synopsys/auk_dspip_bit_reverse_addr_control.vhd        ; --            ; --           ; --                                ;
; MISC_FILE                           ; ipcore/fft/fft/simulation/submodules/cadence/auk_dspip_bit_reverse_addr_control.vhd         ; --            ; --           ; --                                ;
; MISC_FILE                           ; ipcore/fft/fft/simulation/submodules/mentor/auk_dspip_bit_reverse_core.vhd                  ; --            ; --           ; --                                ;
; MISC_FILE                           ; ipcore/fft/fft/simulation/submodules/aldec/auk_dspip_bit_reverse_core.vhd                   ; --            ; --           ; --                                ;
; MISC_FILE                           ; ipcore/fft/fft/simulation/submodules/synopsys/auk_dspip_bit_reverse_core.vhd                ; --            ; --           ; --                                ;
; MISC_FILE                           ; ipcore/fft/fft/simulation/submodules/cadence/auk_dspip_bit_reverse_core.vhd                 ; --            ; --           ; --                                ;
; MISC_FILE                           ; ipcore/fft/fft/simulation/submodules/mentor/auk_dspip_bit_reverse_reverse_carry_adder.vhd   ; --            ; --           ; --                                ;
; MISC_FILE                           ; ipcore/fft/fft/simulation/submodules/aldec/auk_dspip_bit_reverse_reverse_carry_adder.vhd    ; --            ; --           ; --                                ;
; MISC_FILE                           ; ipcore/fft/fft/simulation/submodules/synopsys/auk_dspip_bit_reverse_reverse_carry_adder.vhd ; --            ; --           ; --                                ;
; MISC_FILE                           ; ipcore/fft/fft/simulation/submodules/cadence/auk_dspip_bit_reverse_reverse_carry_adder.vhd  ; --            ; --           ; --                                ;
; MISC_FILE                           ; ipcore/fft/fft/simulation/submodules/mentor/auk_dspip_r22sdf_adder_fp.vhd                   ; --            ; --           ; --                                ;
; MISC_FILE                           ; ipcore/fft/fft/simulation/submodules/aldec/auk_dspip_r22sdf_adder_fp.vhd                    ; --            ; --           ; --                                ;
; MISC_FILE                           ; ipcore/fft/fft/simulation/submodules/synopsys/auk_dspip_r22sdf_adder_fp.vhd                 ; --            ; --           ; --                                ;
; MISC_FILE                           ; ipcore/fft/fft/simulation/submodules/cadence/auk_dspip_r22sdf_adder_fp.vhd                  ; --            ; --           ; --                                ;
; MISC_FILE                           ; ipcore/fft/fft/simulation/submodules/mentor/auk_dspip_r22sdf_addsub.vhd                     ; --            ; --           ; --                                ;
; MISC_FILE                           ; ipcore/fft/fft/simulation/submodules/aldec/auk_dspip_r22sdf_addsub.vhd                      ; --            ; --           ; --                                ;
; MISC_FILE                           ; ipcore/fft/fft/simulation/submodules/synopsys/auk_dspip_r22sdf_addsub.vhd                   ; --            ; --           ; --                                ;
; MISC_FILE                           ; ipcore/fft/fft/simulation/submodules/cadence/auk_dspip_r22sdf_addsub.vhd                    ; --            ; --           ; --                                ;
; MISC_FILE                           ; ipcore/fft/fft/simulation/submodules/mentor/auk_dspip_r22sdf_bf_control.vhd                 ; --            ; --           ; --                                ;
; MISC_FILE                           ; ipcore/fft/fft/simulation/submodules/aldec/auk_dspip_r22sdf_bf_control.vhd                  ; --            ; --           ; --                                ;
; MISC_FILE                           ; ipcore/fft/fft/simulation/submodules/synopsys/auk_dspip_r22sdf_bf_control.vhd               ; --            ; --           ; --                                ;
; MISC_FILE                           ; ipcore/fft/fft/simulation/submodules/cadence/auk_dspip_r22sdf_bf_control.vhd                ; --            ; --           ; --                                ;
; MISC_FILE                           ; ipcore/fft/fft/simulation/submodules/mentor/auk_dspip_r22sdf_bfi.vhd                        ; --            ; --           ; --                                ;
; MISC_FILE                           ; ipcore/fft/fft/simulation/submodules/aldec/auk_dspip_r22sdf_bfi.vhd                         ; --            ; --           ; --                                ;
; MISC_FILE                           ; ipcore/fft/fft/simulation/submodules/synopsys/auk_dspip_r22sdf_bfi.vhd                      ; --            ; --           ; --                                ;
; MISC_FILE                           ; ipcore/fft/fft/simulation/submodules/cadence/auk_dspip_r22sdf_bfi.vhd                       ; --            ; --           ; --                                ;
; MISC_FILE                           ; ipcore/fft/fft/simulation/submodules/mentor/auk_dspip_r22sdf_bfii.vhd                       ; --            ; --           ; --                                ;
; MISC_FILE                           ; ipcore/fft/fft/simulation/submodules/aldec/auk_dspip_r22sdf_bfii.vhd                        ; --            ; --           ; --                                ;
; MISC_FILE                           ; ipcore/fft/fft/simulation/submodules/synopsys/auk_dspip_r22sdf_bfii.vhd                     ; --            ; --           ; --                                ;
; MISC_FILE                           ; ipcore/fft/fft/simulation/submodules/cadence/auk_dspip_r22sdf_bfii.vhd                      ; --            ; --           ; --                                ;
; MISC_FILE                           ; ipcore/fft/fft/simulation/submodules/mentor/auk_dspip_r22sdf_cma.vhd                        ; --            ; --           ; --                                ;
; MISC_FILE                           ; ipcore/fft/fft/simulation/submodules/aldec/auk_dspip_r22sdf_cma.vhd                         ; --            ; --           ; --                                ;
; MISC_FILE                           ; ipcore/fft/fft/simulation/submodules/synopsys/auk_dspip_r22sdf_cma.vhd                      ; --            ; --           ; --                                ;
; MISC_FILE                           ; ipcore/fft/fft/simulation/submodules/cadence/auk_dspip_r22sdf_cma.vhd                       ; --            ; --           ; --                                ;
; MISC_FILE                           ; ipcore/fft/fft/simulation/submodules/mentor/auk_dspip_r22sdf_cma_adder_fp.vhd               ; --            ; --           ; --                                ;
; MISC_FILE                           ; ipcore/fft/fft/simulation/submodules/aldec/auk_dspip_r22sdf_cma_adder_fp.vhd                ; --            ; --           ; --                                ;
; MISC_FILE                           ; ipcore/fft/fft/simulation/submodules/synopsys/auk_dspip_r22sdf_cma_adder_fp.vhd             ; --            ; --           ; --                                ;
; MISC_FILE                           ; ipcore/fft/fft/simulation/submodules/cadence/auk_dspip_r22sdf_cma_adder_fp.vhd              ; --            ; --           ; --                                ;
; MISC_FILE                           ; ipcore/fft/fft/simulation/submodules/mentor/auk_dspip_r22sdf_cma_bfi_fp.vhd                 ; --            ; --           ; --                                ;
; MISC_FILE                           ; ipcore/fft/fft/simulation/submodules/aldec/auk_dspip_r22sdf_cma_bfi_fp.vhd                  ; --            ; --           ; --                                ;
; MISC_FILE                           ; ipcore/fft/fft/simulation/submodules/synopsys/auk_dspip_r22sdf_cma_bfi_fp.vhd               ; --            ; --           ; --                                ;
; MISC_FILE                           ; ipcore/fft/fft/simulation/submodules/cadence/auk_dspip_r22sdf_cma_bfi_fp.vhd                ; --            ; --           ; --                                ;
; MISC_FILE                           ; ipcore/fft/fft/simulation/submodules/mentor/auk_dspip_r22sdf_cma_fp.vhd                     ; --            ; --           ; --                                ;
; MISC_FILE                           ; ipcore/fft/fft/simulation/submodules/aldec/auk_dspip_r22sdf_cma_fp.vhd                      ; --            ; --           ; --                                ;
; MISC_FILE                           ; ipcore/fft/fft/simulation/submodules/synopsys/auk_dspip_r22sdf_cma_fp.vhd                   ; --            ; --           ; --                                ;
; MISC_FILE                           ; ipcore/fft/fft/simulation/submodules/cadence/auk_dspip_r22sdf_cma_fp.vhd                    ; --            ; --           ; --                                ;
; MISC_FILE                           ; ipcore/fft/fft/simulation/submodules/mentor/auk_dspip_r22sdf_counter.vhd                    ; --            ; --           ; --                                ;
; MISC_FILE                           ; ipcore/fft/fft/simulation/submodules/aldec/auk_dspip_r22sdf_counter.vhd                     ; --            ; --           ; --                                ;
; MISC_FILE                           ; ipcore/fft/fft/simulation/submodules/synopsys/auk_dspip_r22sdf_counter.vhd                  ; --            ; --           ; --                                ;
; MISC_FILE                           ; ipcore/fft/fft/simulation/submodules/cadence/auk_dspip_r22sdf_counter.vhd                   ; --            ; --           ; --                                ;
; MISC_FILE                           ; ipcore/fft/fft/simulation/submodules/mentor/auk_dspip_r22sdf_core.vhd                       ; --            ; --           ; --                                ;
; MISC_FILE                           ; ipcore/fft/fft/simulation/submodules/aldec/auk_dspip_r22sdf_core.vhd                        ; --            ; --           ; --                                ;
; MISC_FILE                           ; ipcore/fft/fft/simulation/submodules/synopsys/auk_dspip_r22sdf_core.vhd                     ; --            ; --           ; --                                ;
; MISC_FILE                           ; ipcore/fft/fft/simulation/submodules/cadence/auk_dspip_r22sdf_core.vhd                      ; --            ; --           ; --                                ;
; MISC_FILE                           ; ipcore/fft/fft/simulation/submodules/mentor/auk_dspip_r22sdf_delay.vhd                      ; --            ; --           ; --                                ;
; MISC_FILE                           ; ipcore/fft/fft/simulation/submodules/aldec/auk_dspip_r22sdf_delay.vhd                       ; --            ; --           ; --                                ;
; MISC_FILE                           ; ipcore/fft/fft/simulation/submodules/synopsys/auk_dspip_r22sdf_delay.vhd                    ; --            ; --           ; --                                ;
; MISC_FILE                           ; ipcore/fft/fft/simulation/submodules/cadence/auk_dspip_r22sdf_delay.vhd                     ; --            ; --           ; --                                ;
; MISC_FILE                           ; ipcore/fft/fft/simulation/submodules/mentor/auk_dspip_r22sdf_enable_control.vhd             ; --            ; --           ; --                                ;
; MISC_FILE                           ; ipcore/fft/fft/simulation/submodules/aldec/auk_dspip_r22sdf_enable_control.vhd              ; --            ; --           ; --                                ;
; MISC_FILE                           ; ipcore/fft/fft/simulation/submodules/synopsys/auk_dspip_r22sdf_enable_control.vhd           ; --            ; --           ; --                                ;
; MISC_FILE                           ; ipcore/fft/fft/simulation/submodules/cadence/auk_dspip_r22sdf_enable_control.vhd            ; --            ; --           ; --                                ;
; MISC_FILE                           ; ipcore/fft/fft/simulation/submodules/mentor/auk_dspip_r22sdf_stage.vhd                      ; --            ; --           ; --                                ;
; MISC_FILE                           ; ipcore/fft/fft/simulation/submodules/aldec/auk_dspip_r22sdf_stage.vhd                       ; --            ; --           ; --                                ;
; MISC_FILE                           ; ipcore/fft/fft/simulation/submodules/synopsys/auk_dspip_r22sdf_stage.vhd                    ; --            ; --           ; --                                ;
; MISC_FILE                           ; ipcore/fft/fft/simulation/submodules/cadence/auk_dspip_r22sdf_stage.vhd                     ; --            ; --           ; --                                ;
; MISC_FILE                           ; ipcore/fft/fft/simulation/submodules/mentor/auk_dspip_r22sdf_stg_pipe.vhd                   ; --            ; --           ; --                                ;
; MISC_FILE                           ; ipcore/fft/fft/simulation/submodules/aldec/auk_dspip_r22sdf_stg_pipe.vhd                    ; --            ; --           ; --                                ;
; MISC_FILE                           ; ipcore/fft/fft/simulation/submodules/synopsys/auk_dspip_r22sdf_stg_pipe.vhd                 ; --            ; --           ; --                                ;
; MISC_FILE                           ; ipcore/fft/fft/simulation/submodules/cadence/auk_dspip_r22sdf_stg_pipe.vhd                  ; --            ; --           ; --                                ;
; MISC_FILE                           ; ipcore/fft/fft/simulation/submodules/mentor/auk_dspip_r22sdf_stg_out_pipe.vhd               ; --            ; --           ; --                                ;
; MISC_FILE                           ; ipcore/fft/fft/simulation/submodules/aldec/auk_dspip_r22sdf_stg_out_pipe.vhd                ; --            ; --           ; --                                ;
; MISC_FILE                           ; ipcore/fft/fft/simulation/submodules/synopsys/auk_dspip_r22sdf_stg_out_pipe.vhd             ; --            ; --           ; --                                ;
; MISC_FILE                           ; ipcore/fft/fft/simulation/submodules/cadence/auk_dspip_r22sdf_stg_out_pipe.vhd              ; --            ; --           ; --                                ;
; MISC_FILE                           ; ipcore/fft/fft/simulation/submodules/mentor/auk_dspip_r22sdf_top.vhd                        ; --            ; --           ; --                                ;
; MISC_FILE                           ; ipcore/fft/fft/simulation/submodules/aldec/auk_dspip_r22sdf_top.vhd                         ; --            ; --           ; --                                ;
; MISC_FILE                           ; ipcore/fft/fft/simulation/submodules/synopsys/auk_dspip_r22sdf_top.vhd                      ; --            ; --           ; --                                ;
; MISC_FILE                           ; ipcore/fft/fft/simulation/submodules/cadence/auk_dspip_r22sdf_top.vhd                       ; --            ; --           ; --                                ;
; MISC_FILE                           ; ipcore/fft/fft/simulation/submodules/mentor/auk_dspip_r22sdf_twrom.vhd                      ; --            ; --           ; --                                ;
; MISC_FILE                           ; ipcore/fft/fft/simulation/submodules/aldec/auk_dspip_r22sdf_twrom.vhd                       ; --            ; --           ; --                                ;
; MISC_FILE                           ; ipcore/fft/fft/simulation/submodules/synopsys/auk_dspip_r22sdf_twrom.vhd                    ; --            ; --           ; --                                ;
; MISC_FILE                           ; ipcore/fft/fft/simulation/submodules/cadence/auk_dspip_r22sdf_twrom.vhd                     ; --            ; --           ; --                                ;
; MISC_FILE                           ; ipcore/fft/fft/simulation/submodules/fft_fft_ii_0.sv                                        ; --            ; --           ; --                                ;
; MISC_FILE                           ; ipcore/fft/fft/simulation/submodules/c_model/mr42/How_To_Build.txt                          ; --            ; --           ; --                                ;
; MISC_FILE                           ; ipcore/fft/fft/simulation/submodules/c_model/mr42/SVSfftmodel.mexglx                        ; --            ; --           ; --                                ;
; MISC_FILE                           ; ipcore/fft/fft/simulation/submodules/c_model/mr42/SVSfftmodel.mexw32                        ; --            ; --           ; --                                ;
; MISC_FILE                           ; ipcore/fft/fft/simulation/submodules/c_model/mr42/expression.cpp                            ; --            ; --           ; --                                ;
; MISC_FILE                           ; ipcore/fft/fft/simulation/submodules/c_model/mr42/expression.h                              ; --            ; --           ; --                                ;
; MISC_FILE                           ; ipcore/fft/fft/simulation/submodules/c_model/mr42/fft.cpp                                   ; --            ; --           ; --                                ;
; MISC_FILE                           ; ipcore/fft/fft/simulation/submodules/c_model/mr42/fft.h                                     ; --            ; --           ; --                                ;
; MISC_FILE                           ; ipcore/fft/fft/simulation/submodules/c_model/mr42/fpCompiler.cpp                            ; --            ; --           ; --                                ;
; MISC_FILE                           ; ipcore/fft/fft/simulation/submodules/c_model/mr42/fpCompiler.h                              ; --            ; --           ; --                                ;
; MISC_FILE                           ; ipcore/fft/fft/simulation/submodules/c_model/mr42/model_c_wrapper.cpp                       ; --            ; --           ; --                                ;
; MISC_FILE                           ; ipcore/fft/fft/simulation/submodules/c_model/mr42/util.cpp                                  ; --            ; --           ; --                                ;
; MISC_FILE                           ; ipcore/fft/fft/simulation/submodules/c_model/mr42/util.h                                    ; --            ; --           ; --                                ;
; MISC_FILE                           ; ipcore/fft/fft/simulation/submodules/c_model/old_arch/Sfftmodel.c                           ; --            ; --           ; --                                ;
; MISC_FILE                           ; ipcore/fft/fft/simulation/submodules/c_model/old_arch/Sfftmodel.mexa64                      ; --            ; --           ; --                                ;
; MISC_FILE                           ; ipcore/fft/fft/simulation/submodules/c_model/old_arch/Sfftmodel.mexglx                      ; --            ; --           ; --                                ;
; MISC_FILE                           ; ipcore/fft/fft/simulation/submodules/c_model/old_arch/Sfftmodel.mexw32                      ; --            ; --           ; --                                ;
; MISC_FILE                           ; ipcore/fft/fft/simulation/submodules/c_model/old_arch/imag_input.txt                        ; --            ; --           ; --                                ;
; MISC_FILE                           ; ipcore/fft/fft/simulation/submodules/c_model/old_arch/model.c                               ; --            ; --           ; --                                ;
; MISC_FILE                           ; ipcore/fft/fft/simulation/submodules/c_model/old_arch/model_c_wrapper.c                     ; --            ; --           ; --                                ;
; MISC_FILE                           ; ipcore/fft/fft/simulation/submodules/c_model/old_arch/real_input.txt                        ; --            ; --           ; --                                ;
; MISC_FILE                           ; ipcore/fft/fft/simulation/submodules/c_model/old_arch/run_c_wrapper.sh                      ; --            ; --           ; --                                ;
; MISC_FILE                           ; ipcore/fft/fft/simulation/submodules/c_model/old_arch/run_model_c.sh                        ; --            ; --           ; --                                ;
; MISC_FILE                           ; ipcore/fft/fft/simulation/submodules/c_model/old_arch/tbcmex.m                              ; --            ; --           ; --                                ;
; MISC_FILE                           ; ipcore/fft/fft/simulation/submodules/c_model/r22sdf/SVSfftmodel.mexa64                      ; --            ; --           ; --                                ;
; MISC_FILE                           ; ipcore/fft/fft/simulation/submodules/c_model/r22sdf/SVSfftmodel.mexglx                      ; --            ; --           ; --                                ;
; MISC_FILE                           ; ipcore/fft/fft/simulation/submodules/c_model/r22sdf/SVSfftmodel.mexw32                      ; --            ; --           ; --                                ;
; MISC_FILE                           ; ipcore/fft/fft/simulation/submodules/c_model/r22sdf/blksize_report.txt                      ; --            ; --           ; --                                ;
; MISC_FILE                           ; ipcore/fft/fft/simulation/submodules/c_model/r22sdf/create_static_library.sh                ; --            ; --           ; --                                ;
; MISC_FILE                           ; ipcore/fft/fft/simulation/submodules/c_model/r22sdf/expected_imag_out.txt                   ; --            ; --           ; --                                ;
; MISC_FILE                           ; ipcore/fft/fft/simulation/submodules/c_model/r22sdf/expected_real_out.txt                   ; --            ; --           ; --                                ;
; MISC_FILE                           ; ipcore/fft/fft/simulation/submodules/c_model/r22sdf/expression.cpp                          ; --            ; --           ; --                                ;
; MISC_FILE                           ; ipcore/fft/fft/simulation/submodules/c_model/r22sdf/expression.h                            ; --            ; --           ; --                                ;
; MISC_FILE                           ; ipcore/fft/fft/simulation/submodules/c_model/r22sdf/fft.cpp                                 ; --            ; --           ; --                                ;
; MISC_FILE                           ; ipcore/fft/fft/simulation/submodules/c_model/r22sdf/fft.h                                   ; --            ; --           ; --                                ;
; MISC_FILE                           ; ipcore/fft/fft/simulation/submodules/c_model/r22sdf/fft_model.m                             ; --            ; --           ; --                                ;
; MISC_FILE                           ; ipcore/fft/fft/simulation/submodules/c_model/r22sdf/fft_tb.m                                ; --            ; --           ; --                                ;
; MISC_FILE                           ; ipcore/fft/fft/simulation/submodules/c_model/r22sdf/fpCompiler.cpp                          ; --            ; --           ; --                                ;
; MISC_FILE                           ; ipcore/fft/fft/simulation/submodules/c_model/r22sdf/fpCompiler.h                            ; --            ; --           ; --                                ;
; MISC_FILE                           ; ipcore/fft/fft/simulation/submodules/c_model/r22sdf/how_to_compile.txt                      ; --            ; --           ; --                                ;
; MISC_FILE                           ; ipcore/fft/fft/simulation/submodules/c_model/r22sdf/imag_input.txt                          ; --            ; --           ; --                                ;
; MISC_FILE                           ; ipcore/fft/fft/simulation/submodules/c_model/r22sdf/main.cpp                                ; --            ; --           ; --                                ;
; MISC_FILE                           ; ipcore/fft/fft/simulation/submodules/c_model/r22sdf/model.cpp                               ; --            ; --           ; --                                ;
; MISC_FILE                           ; ipcore/fft/fft/simulation/submodules/c_model/r22sdf/model_c_wrapper.cpp                     ; --            ; --           ; --                                ;
; MISC_FILE                           ; ipcore/fft/fft/simulation/submodules/c_model/r22sdf/readme.txt                              ; --            ; --           ; --                                ;
; MISC_FILE                           ; ipcore/fft/fft/simulation/submodules/c_model/r22sdf/real_input.txt                          ; --            ; --           ; --                                ;
; MISC_FILE                           ; ipcore/fft/fft/simulation/submodules/c_model/r22sdf/sink.cpp                                ; --            ; --           ; --                                ;
; MISC_FILE                           ; ipcore/fft/fft/simulation/submodules/c_model/r22sdf/sink.h                                  ; --            ; --           ; --                                ;
; MISC_FILE                           ; ipcore/fft/fft/simulation/submodules/c_model/r22sdf/source.cpp                              ; --            ; --           ; --                                ;
; MISC_FILE                           ; ipcore/fft/fft/simulation/submodules/c_model/r22sdf/source.h                                ; --            ; --           ; --                                ;
; MISC_FILE                           ; ipcore/fft/fft/simulation/submodules/c_model/r22sdf/system.cpp                              ; --            ; --           ; --                                ;
; MISC_FILE                           ; ipcore/fft/fft/simulation/submodules/c_model/r22sdf/system.h                                ; --            ; --           ; --                                ;
; MISC_FILE                           ; ipcore/fft/fft/simulation/submodules/c_model/r22sdf/util.cpp                                ; --            ; --           ; --                                ;
; MISC_FILE                           ; ipcore/fft/fft/simulation/submodules/c_model/r22sdf/util.h                                  ; --            ; --           ; --                                ;
; MISC_FILE                           ; ipcore/fft/fft/synthesis/../fft.cmp                                                         ; --            ; --           ; --                                ;
; MISC_FILE                           ; ipcore/fft/fft/synthesis/../../fft.qsys                                                     ; --            ; --           ; --                                ;
; MISC_FILE                           ; ipcore/pll/pll_inst.v                                                                       ; --            ; --           ; --                                ;
; MISC_FILE                           ; ipcore/pll/pll_bb.v                                                                         ; --            ; --           ; --                                ;
; MISC_FILE                           ; ipcore/pll/pll.ppf                                                                          ; --            ; --           ; --                                ;
; MISC_FILE                           ; ipcore/rom/rom_256x8b_bb.v                                                                  ; --            ; --           ; --                                ;
; NOMINAL_CORE_SUPPLY_VOLTAGE         ; 1.2V                                                                                        ; --            ; --           ; --                                ;
; PARTITION_COLOR                     ; -- (Not supported for targeted family)                                                      ; --            ; --           ; Top                               ;
; PARTITION_FITTER_PRESERVATION_LEVEL ; -- (Not supported for targeted family)                                                      ; --            ; --           ; Top                               ;
; PARTITION_NETLIST_TYPE              ; -- (Not supported for targeted family)                                                      ; --            ; --           ; Top                               ;
; POWER_BOARD_THERMAL_MODEL           ; None (CONSERVATIVE)                                                                         ; --            ; --           ; --                                ;
; POWER_PRESET_COOLING_SOLUTION       ; 23 MM HEAT SINK WITH 200 LFPM AIRFLOW                                                       ; --            ; --           ; --                                ;
; PROJECT_OUTPUT_DIRECTORY            ; output_files                                                                                ; --            ; --           ; --                                ;
; SLD_FILE                            ; ipcore/fft/fft/synthesis/fft.debuginfo                                                      ; --            ; --           ; --                                ;
; SLD_INFO                            ; QSYS_NAME fft HAS_SOPCINFO 1 GENERATION_ID 1746009110                                       ; --            ; --           ; --                                ;
; SOPCINFO_FILE                       ; ipcore/fft/fft/synthesis/../../fft.sopcinfo                                                 ; --            ; --           ; --                                ;
; SPD_FILE                            ; ipcore/fft/fft/simulation/../fft.spd                                                        ; --            ; --           ; --                                ;
; SYNTHESIS_ONLY_QIP                  ; On                                                                                          ; --            ; --           ; --                                ;
+-------------------------------------+---------------------------------------------------------------------------------------------+---------------+--------------+-----------------------------------+


+--------------------------------------------------------------------------------------------------------------------------+
; Flow Elapsed Time                                                                                                        ;
+----------------------+--------------+-------------------------+---------------------+------------------------------------+
; Module Name          ; Elapsed Time ; Average Processors Used ; Peak Virtual Memory ; Total CPU Time (on all processors) ;
+----------------------+--------------+-------------------------+---------------------+------------------------------------+
; Analysis & Synthesis ; 00:00:11     ; 1.0                     ; 745 MB              ; 00:00:15                           ;
; Fitter               ; 00:00:02     ; 1.1                     ; 2140 MB             ; 00:00:02                           ;
; Assembler            ; 00:00:01     ; 1.0                     ; 554 MB              ; 00:00:00                           ;
; Timing Analyzer      ; 00:00:00     ; 1.1                     ; 798 MB              ; 00:00:01                           ;
; EDA Netlist Writer   ; 00:00:00     ; 1.0                     ; 797 MB              ; 00:00:00                           ;
; Total                ; 00:00:14     ; --                      ; --                  ; 00:00:18                           ;
+----------------------+--------------+-------------------------+---------------------+------------------------------------+


+-------------------------------------------------------------------------------------+
; Flow OS Summary                                                                     ;
+----------------------+------------------+-------------+------------+----------------+
; Module Name          ; Machine Hostname ; OS Name     ; OS Version ; Processor type ;
+----------------------+------------------+-------------+------------+----------------+
; Analysis & Synthesis ; fedora           ; Fedora Core ; 41         ; x86_64         ;
; Fitter               ; fedora           ; Fedora Core ; 41         ; x86_64         ;
; Assembler            ; fedora           ; Fedora Core ; 41         ; x86_64         ;
; Timing Analyzer      ; fedora           ; Fedora Core ; 41         ; x86_64         ;
; EDA Netlist Writer   ; fedora           ; Fedora Core ; 41         ; x86_64         ;
+----------------------+------------------+-------------+------------+----------------+


------------
; Flow Log ;
------------
quartus_map --read_settings_files=on --write_settings_files=off FFT -c FFT
quartus_fit --read_settings_files=off --write_settings_files=off FFT -c FFT
quartus_asm --read_settings_files=off --write_settings_files=off FFT -c FFT
quartus_sta FFT -c FFT
quartus_eda --read_settings_files=off --write_settings_files=off FFT -c FFT



