EDA Netlist Writer report for nco_t
Fri Apr 25 17:29:43 2025
Quartus Prime Version 24.1std.0 Build 1077 03/04/2025 SC Lite Edition


---------------------
; Table of Contents ;
---------------------
  1. Legal Notice
  2. EDA Netlist Writer Summary
  3. EDA Netlist Writer Messages



----------------
; Legal Notice ;
----------------
Copyright (C) 2025  Altera Corporation. All rights reserved.
Your use of Altera Corporation's design tools, logic functions 
and other software and tools, and any partner logic 
functions, and any output files from any of the foregoing 
(including device programming or simulation files), and any 
associated documentation or information are expressly subject 
to the terms and conditions of the Altera Program License 
Subscription Agreement, the Altera Quartus Prime License Agreement,
the Altera IP License Agreement, or other applicable license
agreement, including, without limitation, that your use is for
the sole purpose of programming logic devices manufactured by
Altera and sold by Altera or its authorized distributors.  Please
refer to the Altera Software License Subscription Agreements 
on the Quartus Prime software download page.



+---------------------------------------------------------------+
; EDA Netlist Writer Summary                                    ;
+---------------------------+-----------------------------------+
; EDA Netlist Writer Status ; Failed - Fri Apr 25 17:29:43 2025 ;
; Revision Name             ; nco_t                             ;
; Top-level Entity Name     ; nco_t                             ;
; Family                    ; Cyclone IV E                      ;
+---------------------------+-----------------------------------+


+-----------------------------+
; EDA Netlist Writer Messages ;
+-----------------------------+
Info: *******************************************************************
Info: Running Quartus Prime EDA Netlist Writer
    Info: Version 24.1std.0 Build 1077 03/04/2025 SC Lite Edition
    Info: Processing started: Fri Apr 25 17:29:41 2025
Info: Command: quartus_eda --read_settings_files=off --write_settings_files=off nco_t -c nco_t
Warning (18236): Number of processors has not been specified which may cause overloading on shared machines.  Set the global assignment NUM_PARALLEL_PROCESSORS in your QSF to an appropriate value for best performance.
Error (204012): Can't generate netlist output files because the file "/home/visier/FPGA_Porject/VisierCustom/14_1.NCO_T /prj/ipcore/nco/nco/synthesis/submodules/asj_xnqg.v" is an OpenCore Plus time-limited file. Remove the unlicensed cores or obtain a license for those OpenCore Plus time-limited IP cores used in the design. The Intel FPGA Knowledge Database contains many articles with specific details on how to resolve this error. Visit the Knowledge Database at https://www.altera.com/support/support-resources/knowledge-base/search.html and search for this specific error message number.
Error (204012): Can't generate netlist output files because the file "/home/visier/FPGA_Porject/VisierCustom/14_1.NCO_T /prj/ipcore/nco/nco/synthesis/submodules/asj_nco_aprid_dxx.v" is an OpenCore Plus time-limited file. Remove the unlicensed cores or obtain a license for those OpenCore Plus time-limited IP cores used in the design. The Intel FPGA Knowledge Database contains many articles with specific details on how to resolve this error. Visit the Knowledge Database at https://www.altera.com/support/support-resources/knowledge-base/search.html and search for this specific error message number.
Error (204012): Can't generate netlist output files because the file "/home/visier/FPGA_Porject/VisierCustom/14_1.NCO_T /prj/ipcore/nco/nco/synthesis/submodules/asj_nco_as_m_cen.v" is an OpenCore Plus time-limited file. Remove the unlicensed cores or obtain a license for those OpenCore Plus time-limited IP cores used in the design. The Intel FPGA Knowledge Database contains many articles with specific details on how to resolve this error. Visit the Knowledge Database at https://www.altera.com/support/support-resources/knowledge-base/search.html and search for this specific error message number.
Error (204012): Can't generate netlist output files because the file "/home/visier/FPGA_Porject/VisierCustom/14_1.NCO_T /prj/ipcore/nco/nco/synthesis/submodules/segment_sel.v" is an OpenCore Plus time-limited file. Remove the unlicensed cores or obtain a license for those OpenCore Plus time-limited IP cores used in the design. The Intel FPGA Knowledge Database contains many articles with specific details on how to resolve this error. Visit the Knowledge Database at https://www.altera.com/support/support-resources/knowledge-base/search.html and search for this specific error message number.
Error (204012): Can't generate netlist output files because the file "/home/visier/FPGA_Porject/VisierCustom/14_1.NCO_T /prj/ipcore/nco/nco/synthesis/submodules/asj_altqmcpipe.v" is an OpenCore Plus time-limited file. Remove the unlicensed cores or obtain a license for those OpenCore Plus time-limited IP cores used in the design. The Intel FPGA Knowledge Database contains many articles with specific details on how to resolve this error. Visit the Knowledge Database at https://www.altera.com/support/support-resources/knowledge-base/search.html and search for this specific error message number.
Error (204012): Can't generate netlist output files because the file "/home/visier/FPGA_Porject/VisierCustom/14_1.NCO_T /prj/ipcore/nco/nco/synthesis/submodules/asj_dxx.v" is an OpenCore Plus time-limited file. Remove the unlicensed cores or obtain a license for those OpenCore Plus time-limited IP cores used in the design. The Intel FPGA Knowledge Database contains many articles with specific details on how to resolve this error. Visit the Knowledge Database at https://www.altera.com/support/support-resources/knowledge-base/search.html and search for this specific error message number.
Error (204012): Can't generate netlist output files because the file "/home/visier/FPGA_Porject/VisierCustom/14_1.NCO_T /prj/ipcore/nco/nco/synthesis/submodules/sid_2c_1p.v" is an OpenCore Plus time-limited file. Remove the unlicensed cores or obtain a license for those OpenCore Plus time-limited IP cores used in the design. The Intel FPGA Knowledge Database contains many articles with specific details on how to resolve this error. Visit the Knowledge Database at https://www.altera.com/support/support-resources/knowledge-base/search.html and search for this specific error message number.
Error (204012): Can't generate netlist output files because the file "/home/visier/FPGA_Porject/VisierCustom/14_1.NCO_T /prj/ipcore/nco/nco/synthesis/submodules/segment_arr_tdl.v" is an OpenCore Plus time-limited file. Remove the unlicensed cores or obtain a license for those OpenCore Plus time-limited IP cores used in the design. The Intel FPGA Knowledge Database contains many articles with specific details on how to resolve this error. Visit the Knowledge Database at https://www.altera.com/support/support-resources/knowledge-base/search.html and search for this specific error message number.
Error (204012): Can't generate netlist output files because the file "/home/visier/FPGA_Porject/VisierCustom/14_1.NCO_T /prj/ipcore/nco/nco/synthesis/submodules/asj_dxx_g.v" is an OpenCore Plus time-limited file. Remove the unlicensed cores or obtain a license for those OpenCore Plus time-limited IP cores used in the design. The Intel FPGA Knowledge Database contains many articles with specific details on how to resolve this error. Visit the Knowledge Database at https://www.altera.com/support/support-resources/knowledge-base/search.html and search for this specific error message number.
Error (204012): Can't generate netlist output files because the file "/home/visier/FPGA_Porject/VisierCustom/14_1.NCO_T /prj/ipcore/nco/nco/synthesis/submodules/asj_gar.v" is an OpenCore Plus time-limited file. Remove the unlicensed cores or obtain a license for those OpenCore Plus time-limited IP cores used in the design. The Intel FPGA Knowledge Database contains many articles with specific details on how to resolve this error. Visit the Knowledge Database at https://www.altera.com/support/support-resources/knowledge-base/search.html and search for this specific error message number.
Error (204012): Can't generate netlist output files because the file "/home/visier/FPGA_Porject/VisierCustom/14_1.NCO_T /prj/ipcore/nco/nco/synthesis/submodules/asj_nco_isdr.v" is an OpenCore Plus time-limited file. Remove the unlicensed cores or obtain a license for those OpenCore Plus time-limited IP cores used in the design. The Intel FPGA Knowledge Database contains many articles with specific details on how to resolve this error. Visit the Knowledge Database at https://www.altera.com/support/support-resources/knowledge-base/search.html and search for this specific error message number.
Error (204012): Can't generate netlist output files because the file "/home/visier/FPGA_Porject/VisierCustom/14_1.NCO_T /prj/ipcore/nco/nco/synthesis/submodules/asj_nco_mob_rw.v" is an OpenCore Plus time-limited file. Remove the unlicensed cores or obtain a license for those OpenCore Plus time-limited IP cores used in the design. The Intel FPGA Knowledge Database contains many articles with specific details on how to resolve this error. Visit the Knowledge Database at https://www.altera.com/support/support-resources/knowledge-base/search.html and search for this specific error message number.
Error (204009): Can't generate netlist output files because the license for encrypted file "/home/visier/FPGA_Porject/VisierCustom/14_1.NCO_T /prj/ipcore/nco/nco/synthesis/submodules/asj_xnqg.v" is not available
Error (204009): Can't generate netlist output files because the license for encrypted file "/home/visier/FPGA_Porject/VisierCustom/14_1.NCO_T /prj/ipcore/nco/nco/synthesis/submodules/asj_nco_aprid_dxx.v" is not available
Error (204009): Can't generate netlist output files because the license for encrypted file "/home/visier/FPGA_Porject/VisierCustom/14_1.NCO_T /prj/ipcore/nco/nco/synthesis/submodules/asj_nco_as_m_cen.v" is not available
Error (204009): Can't generate netlist output files because the license for encrypted file "/home/visier/FPGA_Porject/VisierCustom/14_1.NCO_T /prj/ipcore/nco/nco/synthesis/submodules/segment_sel.v" is not available
Error (204009): Can't generate netlist output files because the license for encrypted file "/home/visier/FPGA_Porject/VisierCustom/14_1.NCO_T /prj/ipcore/nco/nco/synthesis/submodules/asj_altqmcpipe.v" is not available
Error (204009): Can't generate netlist output files because the license for encrypted file "/home/visier/FPGA_Porject/VisierCustom/14_1.NCO_T /prj/ipcore/nco/nco/synthesis/submodules/asj_dxx.v" is not available
Error (204009): Can't generate netlist output files because the license for encrypted file "/home/visier/FPGA_Porject/VisierCustom/14_1.NCO_T /prj/ipcore/nco/nco/synthesis/submodules/sid_2c_1p.v" is not available
Error (204009): Can't generate netlist output files because the license for encrypted file "/home/visier/FPGA_Porject/VisierCustom/14_1.NCO_T /prj/ipcore/nco/nco/synthesis/submodules/segment_arr_tdl.v" is not available
Error (204009): Can't generate netlist output files because the license for encrypted file "/home/visier/FPGA_Porject/VisierCustom/14_1.NCO_T /prj/ipcore/nco/nco/synthesis/submodules/asj_dxx_g.v" is not available
Error (204009): Can't generate netlist output files because the license for encrypted file "/home/visier/FPGA_Porject/VisierCustom/14_1.NCO_T /prj/ipcore/nco/nco/synthesis/submodules/asj_gar.v" is not available
Error (204009): Can't generate netlist output files because the license for encrypted file "/home/visier/FPGA_Porject/VisierCustom/14_1.NCO_T /prj/ipcore/nco/nco/synthesis/submodules/asj_nco_isdr.v" is not available
Error (204009): Can't generate netlist output files because the license for encrypted file "/home/visier/FPGA_Porject/VisierCustom/14_1.NCO_T /prj/ipcore/nco/nco/synthesis/submodules/asj_nco_mob_rw.v" is not available
Error (204012): Can't generate netlist output files because the file "/home/visier/FPGA_Porject/VisierCustom/14_1.NCO_T /prj/ipcore/nco/nco/synthesis/submodules/asj_xnqg.v" is an OpenCore Plus time-limited file. Remove the unlicensed cores or obtain a license for those OpenCore Plus time-limited IP cores used in the design. The Intel FPGA Knowledge Database contains many articles with specific details on how to resolve this error. Visit the Knowledge Database at https://www.altera.com/support/support-resources/knowledge-base/search.html and search for this specific error message number.
Error (204012): Can't generate netlist output files because the file "/home/visier/FPGA_Porject/VisierCustom/14_1.NCO_T /prj/ipcore/nco/nco/synthesis/submodules/asj_nco_aprid_dxx.v" is an OpenCore Plus time-limited file. Remove the unlicensed cores or obtain a license for those OpenCore Plus time-limited IP cores used in the design. The Intel FPGA Knowledge Database contains many articles with specific details on how to resolve this error. Visit the Knowledge Database at https://www.altera.com/support/support-resources/knowledge-base/search.html and search for this specific error message number.
Error (204012): Can't generate netlist output files because the file "/home/visier/FPGA_Porject/VisierCustom/14_1.NCO_T /prj/ipcore/nco/nco/synthesis/submodules/asj_nco_as_m_cen.v" is an OpenCore Plus time-limited file. Remove the unlicensed cores or obtain a license for those OpenCore Plus time-limited IP cores used in the design. The Intel FPGA Knowledge Database contains many articles with specific details on how to resolve this error. Visit the Knowledge Database at https://www.altera.com/support/support-resources/knowledge-base/search.html and search for this specific error message number.
Error (204012): Can't generate netlist output files because the file "/home/visier/FPGA_Porject/VisierCustom/14_1.NCO_T /prj/ipcore/nco/nco/synthesis/submodules/segment_sel.v" is an OpenCore Plus time-limited file. Remove the unlicensed cores or obtain a license for those OpenCore Plus time-limited IP cores used in the design. The Intel FPGA Knowledge Database contains many articles with specific details on how to resolve this error. Visit the Knowledge Database at https://www.altera.com/support/support-resources/knowledge-base/search.html and search for this specific error message number.
Error (204012): Can't generate netlist output files because the file "/home/visier/FPGA_Porject/VisierCustom/14_1.NCO_T /prj/ipcore/nco/nco/synthesis/submodules/asj_altqmcpipe.v" is an OpenCore Plus time-limited file. Remove the unlicensed cores or obtain a license for those OpenCore Plus time-limited IP cores used in the design. The Intel FPGA Knowledge Database contains many articles with specific details on how to resolve this error. Visit the Knowledge Database at https://www.altera.com/support/support-resources/knowledge-base/search.html and search for this specific error message number.
Error (204012): Can't generate netlist output files because the file "/home/visier/FPGA_Porject/VisierCustom/14_1.NCO_T /prj/ipcore/nco/nco/synthesis/submodules/asj_dxx.v" is an OpenCore Plus time-limited file. Remove the unlicensed cores or obtain a license for those OpenCore Plus time-limited IP cores used in the design. The Intel FPGA Knowledge Database contains many articles with specific details on how to resolve this error. Visit the Knowledge Database at https://www.altera.com/support/support-resources/knowledge-base/search.html and search for this specific error message number.
Error (204012): Can't generate netlist output files because the file "/home/visier/FPGA_Porject/VisierCustom/14_1.NCO_T /prj/ipcore/nco/nco/synthesis/submodules/sid_2c_1p.v" is an OpenCore Plus time-limited file. Remove the unlicensed cores or obtain a license for those OpenCore Plus time-limited IP cores used in the design. The Intel FPGA Knowledge Database contains many articles with specific details on how to resolve this error. Visit the Knowledge Database at https://www.altera.com/support/support-resources/knowledge-base/search.html and search for this specific error message number.
Error (204012): Can't generate netlist output files because the file "/home/visier/FPGA_Porject/VisierCustom/14_1.NCO_T /prj/ipcore/nco/nco/synthesis/submodules/segment_arr_tdl.v" is an OpenCore Plus time-limited file. Remove the unlicensed cores or obtain a license for those OpenCore Plus time-limited IP cores used in the design. The Intel FPGA Knowledge Database contains many articles with specific details on how to resolve this error. Visit the Knowledge Database at https://www.altera.com/support/support-resources/knowledge-base/search.html and search for this specific error message number.
Error (204012): Can't generate netlist output files because the file "/home/visier/FPGA_Porject/VisierCustom/14_1.NCO_T /prj/ipcore/nco/nco/synthesis/submodules/asj_dxx_g.v" is an OpenCore Plus time-limited file. Remove the unlicensed cores or obtain a license for those OpenCore Plus time-limited IP cores used in the design. The Intel FPGA Knowledge Database contains many articles with specific details on how to resolve this error. Visit the Knowledge Database at https://www.altera.com/support/support-resources/knowledge-base/search.html and search for this specific error message number.
Error (204012): Can't generate netlist output files because the file "/home/visier/FPGA_Porject/VisierCustom/14_1.NCO_T /prj/ipcore/nco/nco/synthesis/submodules/asj_gar.v" is an OpenCore Plus time-limited file. Remove the unlicensed cores or obtain a license for those OpenCore Plus time-limited IP cores used in the design. The Intel FPGA Knowledge Database contains many articles with specific details on how to resolve this error. Visit the Knowledge Database at https://www.altera.com/support/support-resources/knowledge-base/search.html and search for this specific error message number.
Error (204012): Can't generate netlist output files because the file "/home/visier/FPGA_Porject/VisierCustom/14_1.NCO_T /prj/ipcore/nco/nco/synthesis/submodules/asj_nco_isdr.v" is an OpenCore Plus time-limited file. Remove the unlicensed cores or obtain a license for those OpenCore Plus time-limited IP cores used in the design. The Intel FPGA Knowledge Database contains many articles with specific details on how to resolve this error. Visit the Knowledge Database at https://www.altera.com/support/support-resources/knowledge-base/search.html and search for this specific error message number.
Error (204012): Can't generate netlist output files because the file "/home/visier/FPGA_Porject/VisierCustom/14_1.NCO_T /prj/ipcore/nco/nco/synthesis/submodules/asj_nco_mob_rw.v" is an OpenCore Plus time-limited file. Remove the unlicensed cores or obtain a license for those OpenCore Plus time-limited IP cores used in the design. The Intel FPGA Knowledge Database contains many articles with specific details on how to resolve this error. Visit the Knowledge Database at https://www.altera.com/support/support-resources/knowledge-base/search.html and search for this specific error message number.
Error (204009): Can't generate netlist output files because the license for encrypted file "/home/visier/FPGA_Porject/VisierCustom/14_1.NCO_T /prj/ipcore/nco/nco/synthesis/submodules/asj_xnqg.v" is not available
Error (204009): Can't generate netlist output files because the license for encrypted file "/home/visier/FPGA_Porject/VisierCustom/14_1.NCO_T /prj/ipcore/nco/nco/synthesis/submodules/asj_nco_aprid_dxx.v" is not available
Error (204009): Can't generate netlist output files because the license for encrypted file "/home/visier/FPGA_Porject/VisierCustom/14_1.NCO_T /prj/ipcore/nco/nco/synthesis/submodules/asj_nco_as_m_cen.v" is not available
Error (204009): Can't generate netlist output files because the license for encrypted file "/home/visier/FPGA_Porject/VisierCustom/14_1.NCO_T /prj/ipcore/nco/nco/synthesis/submodules/segment_sel.v" is not available
Error (204009): Can't generate netlist output files because the license for encrypted file "/home/visier/FPGA_Porject/VisierCustom/14_1.NCO_T /prj/ipcore/nco/nco/synthesis/submodules/asj_altqmcpipe.v" is not available
Error (204009): Can't generate netlist output files because the license for encrypted file "/home/visier/FPGA_Porject/VisierCustom/14_1.NCO_T /prj/ipcore/nco/nco/synthesis/submodules/asj_dxx.v" is not available
Error (204009): Can't generate netlist output files because the license for encrypted file "/home/visier/FPGA_Porject/VisierCustom/14_1.NCO_T /prj/ipcore/nco/nco/synthesis/submodules/sid_2c_1p.v" is not available
Error (204009): Can't generate netlist output files because the license for encrypted file "/home/visier/FPGA_Porject/VisierCustom/14_1.NCO_T /prj/ipcore/nco/nco/synthesis/submodules/segment_arr_tdl.v" is not available
Error (204009): Can't generate netlist output files because the license for encrypted file "/home/visier/FPGA_Porject/VisierCustom/14_1.NCO_T /prj/ipcore/nco/nco/synthesis/submodules/asj_dxx_g.v" is not available
Error (204009): Can't generate netlist output files because the license for encrypted file "/home/visier/FPGA_Porject/VisierCustom/14_1.NCO_T /prj/ipcore/nco/nco/synthesis/submodules/asj_gar.v" is not available
Error (204009): Can't generate netlist output files because the license for encrypted file "/home/visier/FPGA_Porject/VisierCustom/14_1.NCO_T /prj/ipcore/nco/nco/synthesis/submodules/asj_nco_isdr.v" is not available
Error (204009): Can't generate netlist output files because the license for encrypted file "/home/visier/FPGA_Porject/VisierCustom/14_1.NCO_T /prj/ipcore/nco/nco/synthesis/submodules/asj_nco_mob_rw.v" is not available
Error (204012): Can't generate netlist output files because the file "/home/visier/FPGA_Porject/VisierCustom/14_1.NCO_T /prj/ipcore/nco/nco/synthesis/submodules/asj_xnqg.v" is an OpenCore Plus time-limited file. Remove the unlicensed cores or obtain a license for those OpenCore Plus time-limited IP cores used in the design. The Intel FPGA Knowledge Database contains many articles with specific details on how to resolve this error. Visit the Knowledge Database at https://www.altera.com/support/support-resources/knowledge-base/search.html and search for this specific error message number.
Error (204012): Can't generate netlist output files because the file "/home/visier/FPGA_Porject/VisierCustom/14_1.NCO_T /prj/ipcore/nco/nco/synthesis/submodules/asj_nco_aprid_dxx.v" is an OpenCore Plus time-limited file. Remove the unlicensed cores or obtain a license for those OpenCore Plus time-limited IP cores used in the design. The Intel FPGA Knowledge Database contains many articles with specific details on how to resolve this error. Visit the Knowledge Database at https://www.altera.com/support/support-resources/knowledge-base/search.html and search for this specific error message number.
Error (204012): Can't generate netlist output files because the file "/home/visier/FPGA_Porject/VisierCustom/14_1.NCO_T /prj/ipcore/nco/nco/synthesis/submodules/asj_nco_as_m_cen.v" is an OpenCore Plus time-limited file. Remove the unlicensed cores or obtain a license for those OpenCore Plus time-limited IP cores used in the design. The Intel FPGA Knowledge Database contains many articles with specific details on how to resolve this error. Visit the Knowledge Database at https://www.altera.com/support/support-resources/knowledge-base/search.html and search for this specific error message number.
Error (204012): Can't generate netlist output files because the file "/home/visier/FPGA_Porject/VisierCustom/14_1.NCO_T /prj/ipcore/nco/nco/synthesis/submodules/segment_sel.v" is an OpenCore Plus time-limited file. Remove the unlicensed cores or obtain a license for those OpenCore Plus time-limited IP cores used in the design. The Intel FPGA Knowledge Database contains many articles with specific details on how to resolve this error. Visit the Knowledge Database at https://www.altera.com/support/support-resources/knowledge-base/search.html and search for this specific error message number.
Error (204012): Can't generate netlist output files because the file "/home/visier/FPGA_Porject/VisierCustom/14_1.NCO_T /prj/ipcore/nco/nco/synthesis/submodules/asj_altqmcpipe.v" is an OpenCore Plus time-limited file. Remove the unlicensed cores or obtain a license for those OpenCore Plus time-limited IP cores used in the design. The Intel FPGA Knowledge Database contains many articles with specific details on how to resolve this error. Visit the Knowledge Database at https://www.altera.com/support/support-resources/knowledge-base/search.html and search for this specific error message number.
Error (204012): Can't generate netlist output files because the file "/home/visier/FPGA_Porject/VisierCustom/14_1.NCO_T /prj/ipcore/nco/nco/synthesis/submodules/asj_dxx.v" is an OpenCore Plus time-limited file. Remove the unlicensed cores or obtain a license for those OpenCore Plus time-limited IP cores used in the design. The Intel FPGA Knowledge Database contains many articles with specific details on how to resolve this error. Visit the Knowledge Database at https://www.altera.com/support/support-resources/knowledge-base/search.html and search for this specific error message number.
Error (204012): Can't generate netlist output files because the file "/home/visier/FPGA_Porject/VisierCustom/14_1.NCO_T /prj/ipcore/nco/nco/synthesis/submodules/sid_2c_1p.v" is an OpenCore Plus time-limited file. Remove the unlicensed cores or obtain a license for those OpenCore Plus time-limited IP cores used in the design. The Intel FPGA Knowledge Database contains many articles with specific details on how to resolve this error. Visit the Knowledge Database at https://www.altera.com/support/support-resources/knowledge-base/search.html and search for this specific error message number.
Error (204012): Can't generate netlist output files because the file "/home/visier/FPGA_Porject/VisierCustom/14_1.NCO_T /prj/ipcore/nco/nco/synthesis/submodules/segment_arr_tdl.v" is an OpenCore Plus time-limited file. Remove the unlicensed cores or obtain a license for those OpenCore Plus time-limited IP cores used in the design. The Intel FPGA Knowledge Database contains many articles with specific details on how to resolve this error. Visit the Knowledge Database at https://www.altera.com/support/support-resources/knowledge-base/search.html and search for this specific error message number.
Error (204012): Can't generate netlist output files because the file "/home/visier/FPGA_Porject/VisierCustom/14_1.NCO_T /prj/ipcore/nco/nco/synthesis/submodules/asj_dxx_g.v" is an OpenCore Plus time-limited file. Remove the unlicensed cores or obtain a license for those OpenCore Plus time-limited IP cores used in the design. The Intel FPGA Knowledge Database contains many articles with specific details on how to resolve this error. Visit the Knowledge Database at https://www.altera.com/support/support-resources/knowledge-base/search.html and search for this specific error message number.
Error (204012): Can't generate netlist output files because the file "/home/visier/FPGA_Porject/VisierCustom/14_1.NCO_T /prj/ipcore/nco/nco/synthesis/submodules/asj_gar.v" is an OpenCore Plus time-limited file. Remove the unlicensed cores or obtain a license for those OpenCore Plus time-limited IP cores used in the design. The Intel FPGA Knowledge Database contains many articles with specific details on how to resolve this error. Visit the Knowledge Database at https://www.altera.com/support/support-resources/knowledge-base/search.html and search for this specific error message number.
Error (204012): Can't generate netlist output files because the file "/home/visier/FPGA_Porject/VisierCustom/14_1.NCO_T /prj/ipcore/nco/nco/synthesis/submodules/asj_nco_isdr.v" is an OpenCore Plus time-limited file. Remove the unlicensed cores or obtain a license for those OpenCore Plus time-limited IP cores used in the design. The Intel FPGA Knowledge Database contains many articles with specific details on how to resolve this error. Visit the Knowledge Database at https://www.altera.com/support/support-resources/knowledge-base/search.html and search for this specific error message number.
Error (204012): Can't generate netlist output files because the file "/home/visier/FPGA_Porject/VisierCustom/14_1.NCO_T /prj/ipcore/nco/nco/synthesis/submodules/asj_nco_mob_rw.v" is an OpenCore Plus time-limited file. Remove the unlicensed cores or obtain a license for those OpenCore Plus time-limited IP cores used in the design. The Intel FPGA Knowledge Database contains many articles with specific details on how to resolve this error. Visit the Knowledge Database at https://www.altera.com/support/support-resources/knowledge-base/search.html and search for this specific error message number.
Error (204009): Can't generate netlist output files because the license for encrypted file "/home/visier/FPGA_Porject/VisierCustom/14_1.NCO_T /prj/ipcore/nco/nco/synthesis/submodules/asj_xnqg.v" is not available
Error (204009): Can't generate netlist output files because the license for encrypted file "/home/visier/FPGA_Porject/VisierCustom/14_1.NCO_T /prj/ipcore/nco/nco/synthesis/submodules/asj_nco_aprid_dxx.v" is not available
Error (204009): Can't generate netlist output files because the license for encrypted file "/home/visier/FPGA_Porject/VisierCustom/14_1.NCO_T /prj/ipcore/nco/nco/synthesis/submodules/asj_nco_as_m_cen.v" is not available
Error (204009): Can't generate netlist output files because the license for encrypted file "/home/visier/FPGA_Porject/VisierCustom/14_1.NCO_T /prj/ipcore/nco/nco/synthesis/submodules/segment_sel.v" is not available
Error (204009): Can't generate netlist output files because the license for encrypted file "/home/visier/FPGA_Porject/VisierCustom/14_1.NCO_T /prj/ipcore/nco/nco/synthesis/submodules/asj_altqmcpipe.v" is not available
Error (204009): Can't generate netlist output files because the license for encrypted file "/home/visier/FPGA_Porject/VisierCustom/14_1.NCO_T /prj/ipcore/nco/nco/synthesis/submodules/asj_dxx.v" is not available
Error (204009): Can't generate netlist output files because the license for encrypted file "/home/visier/FPGA_Porject/VisierCustom/14_1.NCO_T /prj/ipcore/nco/nco/synthesis/submodules/sid_2c_1p.v" is not available
Error (204009): Can't generate netlist output files because the license for encrypted file "/home/visier/FPGA_Porject/VisierCustom/14_1.NCO_T /prj/ipcore/nco/nco/synthesis/submodules/segment_arr_tdl.v" is not available
Error (204009): Can't generate netlist output files because the license for encrypted file "/home/visier/FPGA_Porject/VisierCustom/14_1.NCO_T /prj/ipcore/nco/nco/synthesis/submodules/asj_dxx_g.v" is not available
Error (204009): Can't generate netlist output files because the license for encrypted file "/home/visier/FPGA_Porject/VisierCustom/14_1.NCO_T /prj/ipcore/nco/nco/synthesis/submodules/asj_gar.v" is not available
Error (204009): Can't generate netlist output files because the license for encrypted file "/home/visier/FPGA_Porject/VisierCustom/14_1.NCO_T /prj/ipcore/nco/nco/synthesis/submodules/asj_nco_isdr.v" is not available
Error (204009): Can't generate netlist output files because the license for encrypted file "/home/visier/FPGA_Porject/VisierCustom/14_1.NCO_T /prj/ipcore/nco/nco/synthesis/submodules/asj_nco_mob_rw.v" is not available
Error: Quartus Prime EDA Netlist Writer was unsuccessful. 72 errors, 1 warning
    Error: Peak virtual memory: 797 megabytes
    Error: Processing ended: Fri Apr 25 17:29:43 2025
    Error: Elapsed time: 00:00:02
    Error: Total CPU time (on all processors): 00:00:02


