Flow report for BPSK_demodulator
Thu May  8 22:14:05 2025
Quartus Prime Version 24.1std.0 Build 1077 03/04/2025 SC Lite Edition


---------------------
; Table of Contents ;
---------------------
  1. Legal Notice
  2. Flow Summary
  3. Flow Settings
  4. Flow Non-Default Global Settings
  5. Flow Elapsed Time
  6. Flow OS Summary
  7. Flow Log
  8. Flow Messages
  9. Flow Suppressed Messages



----------------
; Legal Notice ;
----------------
Copyright (C) 2025  Altera Corporation. All rights reserved.
Your use of Altera Corporation's design tools, logic functions 
and other software and tools, and any partner logic 
functions, and any output files from any of the foregoing 
(including device programming or simulation files), and any 
associated documentation or information are expressly subject 
to the terms and conditions of the Altera Program License 
Subscription Agreement, the Altera Quartus Prime License Agreement,
the Altera IP License Agreement, or other applicable license
agreement, including, without limitation, that your use is for
the sole purpose of programming logic devices manufactured by
Altera and sold by Altera or its authorized distributors.  Please
refer to the Altera Software License Subscription Agreements 
on the Quartus Prime software download page.



+--------------------------------------------------------------------------------------+
; Flow Summary                                                                         ;
+------------------------------------+-------------------------------------------------+
; Flow Status                        ; Successful - Thu May  8 22:14:05 2025           ;
; Quartus Prime Version              ; 24.1std.0 Build 1077 03/04/2025 SC Lite Edition ;
; Revision Name                      ; BPSK_demodulator                                ;
; Top-level Entity Name              ; costas                                          ;
; Family                             ; Cyclone IV E                                    ;
; Device                             ; EP4CE10F17C8                                    ;
; Timing Models                      ; Final                                           ;
; Total logic elements               ; 2,419 / 10,320 ( 23 % )                         ;
;     Total combinational functions  ; 2,258 / 10,320 ( 22 % )                         ;
;     Dedicated logic registers      ; 650 / 10,320 ( 6 % )                            ;
; Total registers                    ; 650                                             ;
; Total pins                         ; 116 / 180 ( 64 % )                              ;
; Total virtual pins                 ; 0                                               ;
; Total memory bits                  ; 4,096 / 423,936 ( < 1 % )                       ;
; Embedded Multiplier 9-bit elements ; 4 / 46 ( 9 % )                                  ;
; Total PLLs                         ; 1 / 2 ( 50 % )                                  ;
+------------------------------------+-------------------------------------------------+


+-----------------------------------------+
; Flow Settings                           ;
+-------------------+---------------------+
; Option            ; Setting             ;
+-------------------+---------------------+
; Start date & time ; 05/08/2025 22:13:45 ;
; Main task         ; Compilation         ;
; Revision Name     ; BPSK_demodulator    ;
+-------------------+---------------------+


+----------------------------------------------------------------------------------------------------------------------------------------------------+
; Flow Non-Default Global Settings                                                                                                                   ;
+--------------------------------------+----------------------------------------+------------------+-------------+-----------------------------------+
; Assignment Name                      ; Value                                  ; Default Value    ; Entity Name ; Section Id                        ;
+--------------------------------------+----------------------------------------+------------------+-------------+-----------------------------------+
; COMPILER_SIGNATURE_ID                ; 90878614117816.174671362519113         ; --               ; --          ; --                                ;
; EDA_DESIGN_INSTANCE_NAME             ; NA                                     ; --               ; --          ; costas_tb                         ;
; EDA_GENERATE_FUNCTIONAL_NETLIST      ; Off                                    ; --               ; --          ; eda_board_design_timing           ;
; EDA_GENERATE_FUNCTIONAL_NETLIST      ; Off                                    ; --               ; --          ; eda_board_design_boundary_scan    ;
; EDA_GENERATE_FUNCTIONAL_NETLIST      ; Off                                    ; --               ; --          ; eda_board_design_signal_integrity ;
; EDA_GENERATE_FUNCTIONAL_NETLIST      ; Off                                    ; --               ; --          ; eda_board_design_symbol           ;
; EDA_NATIVELINK_SIMULATION_TEST_BENCH ; costas_tb                              ; --               ; --          ; eda_simulation                    ;
; EDA_OUTPUT_DATA_FORMAT               ; Verilog Hdl                            ; --               ; --          ; eda_simulation                    ;
; EDA_SIMULATION_TOOL                  ; Questa Intel FPGA (Verilog)            ; <None>           ; --          ; --                                ;
; EDA_TEST_BENCH_ENABLE_STATUS         ; TEST_BENCH_MODE                        ; --               ; --          ; eda_simulation                    ;
; EDA_TEST_BENCH_FILE                  ; ../sim/BPSK_demodu_tb.v                ; --               ; --          ; costas_tb                         ;
; EDA_TEST_BENCH_MODULE_NAME           ; costas_tb                              ; --               ; --          ; costas_tb                         ;
; EDA_TEST_BENCH_NAME                  ; costas_tb                              ; --               ; --          ; eda_simulation                    ;
; EDA_TIME_SCALE                       ; 1 ps                                   ; --               ; --          ; eda_simulation                    ;
; MAX_CORE_JUNCTION_TEMP               ; 85                                     ; --               ; --          ; --                                ;
; MIN_CORE_JUNCTION_TEMP               ; 0                                      ; --               ; --          ; --                                ;
; MISC_FILE                            ; ipcore/pll/pll_inst.v                  ; --               ; --          ; --                                ;
; MISC_FILE                            ; ipcore/pll/pll_bb.v                    ; --               ; --          ; --                                ;
; MISC_FILE                            ; ipcore/pll/pll.ppf                     ; --               ; --          ; --                                ;
; MISC_FILE                            ; ipcore/rom/rom_256x8b_bb.v             ; --               ; --          ; --                                ;
; NOMINAL_CORE_SUPPLY_VOLTAGE          ; 1.2V                                   ; --               ; --          ; --                                ;
; PARTITION_COLOR                      ; -- (Not supported for targeted family) ; --               ; costas      ; Top                               ;
; PARTITION_FITTER_PRESERVATION_LEVEL  ; -- (Not supported for targeted family) ; --               ; costas      ; Top                               ;
; PARTITION_NETLIST_TYPE               ; -- (Not supported for targeted family) ; --               ; costas      ; Top                               ;
; POWER_BOARD_THERMAL_MODEL            ; None (CONSERVATIVE)                    ; --               ; --          ; --                                ;
; POWER_PRESET_COOLING_SOLUTION        ; 23 MM HEAT SINK WITH 200 LFPM AIRFLOW  ; --               ; --          ; --                                ;
; PROJECT_OUTPUT_DIRECTORY             ; output_files                           ; --               ; --          ; --                                ;
; TOP_LEVEL_ENTITY                     ; costas                                 ; BPSK_demodulator ; --          ; --                                ;
; VERILOG_INPUT_VERSION                ; SystemVerilog_2005                     ; Verilog_2001     ; --          ; --                                ;
; VERILOG_SHOW_LMF_MAPPING_MESSAGES    ; Off                                    ; --               ; --          ; --                                ;
+--------------------------------------+----------------------------------------+------------------+-------------+-----------------------------------+


+--------------------------------------------------------------------------------------------------------------------------+
; Flow Elapsed Time                                                                                                        ;
+----------------------+--------------+-------------------------+---------------------+------------------------------------+
; Module Name          ; Elapsed Time ; Average Processors Used ; Peak Virtual Memory ; Total CPU Time (on all processors) ;
+----------------------+--------------+-------------------------+---------------------+------------------------------------+
; Analysis & Synthesis ; 00:00:06     ; 1.0                     ; 726 MB              ; 00:00:13                           ;
; Fitter               ; 00:00:08     ; 1.3                     ; 2188 MB             ; 00:00:21                           ;
; Assembler            ; 00:00:01     ; 1.0                     ; 572 MB              ; 00:00:00                           ;
; Timing Analyzer      ; 00:00:02     ; 1.5                     ; 832 MB              ; 00:00:02                           ;
; EDA Netlist Writer   ; 00:00:01     ; 1.0                     ; 806 MB              ; 00:00:00                           ;
; Total                ; 00:00:18     ; --                      ; --                  ; 00:00:36                           ;
+----------------------+--------------+-------------------------+---------------------+------------------------------------+


+-------------------------------------------------------------------------------------+
; Flow OS Summary                                                                     ;
+----------------------+------------------+-------------+------------+----------------+
; Module Name          ; Machine Hostname ; OS Name     ; OS Version ; Processor type ;
+----------------------+------------------+-------------+------------+----------------+
; Analysis & Synthesis ; Visier           ; Fedora Core ; 41         ; x86_64         ;
; Fitter               ; Visier           ; Fedora Core ; 41         ; x86_64         ;
; Assembler            ; Visier           ; Fedora Core ; 41         ; x86_64         ;
; Timing Analyzer      ; Visier           ; Fedora Core ; 41         ; x86_64         ;
; EDA Netlist Writer   ; Visier           ; Fedora Core ; 41         ; x86_64         ;
+----------------------+------------------+-------------+------------+----------------+


------------
; Flow Log ;
------------
quartus_map --read_settings_files=on --write_settings_files=off BPSK_demodulator -c BPSK_demodulator
quartus_fit --read_settings_files=off --write_settings_files=off BPSK_demodulator -c BPSK_demodulator
quartus_asm --read_settings_files=off --write_settings_files=off BPSK_demodulator -c BPSK_demodulator
quartus_sta BPSK_demodulator -c BPSK_demodulator
quartus_eda --read_settings_files=off --write_settings_files=off BPSK_demodulator -c BPSK_demodulator



